<?xml version="1.0" encoding="UTF-8"?>
<!-- Generated by org.testng.reporters.JUnitXMLReporter -->
<testsuite hostname="ip-172-31-24-153" ignored="0" name="Command line test" tests="1" failures="0" timestamp="2020-04-29T10:59:42 UTC" time="0.244" errors="0">
  <testcase name="@AfterTest Aftertest" time="0.168" classname="CapStone1.App">
    <failure type="java.lang.IllegalStateException" message="The driver executable does not exist: /home/ubuntu/C:\Users\Nikhil\Downloads\chromedriver4\chromedriver.exe">
      <![CDATA[java.lang.IllegalStateException: The driver executable does not exist: /home/ubuntu/C:\Users\Nikhil\Downloads\chromedriver4\chromedriver.exe
at com.google.common.base.Preconditions.checkState(Preconditions.java:518)
at org.openqa.selenium.remote.service.DriverService.checkExecutable(DriverService.java:136)
at org.openqa.selenium.remote.service.DriverService.findExecutable(DriverService.java:131)
at org.openqa.selenium.chrome.ChromeDriverService.access$000(ChromeDriverService.java:32)
at org.openqa.selenium.chrome.ChromeDriverService$Builder.findDefaultExecutable(ChromeDriverService.java:137)
at org.openqa.selenium.remote.service.DriverService$Builder.build(DriverService.java:330)
at org.openqa.selenium.chrome.ChromeDriverService.createDefaultService(ChromeDriverService.java:88)
at org.openqa.selenium.chrome.ChromeDriver.<init>(ChromeDriver.java:158)
at CapStone1.App.Aftertest(App.java:27)
at CapStone1.App.main(App.java:43)
at org.eclipse.jdt.internal.jarinjarloader.JarRsrcLoader.main(JarRsrcLoader.java:61)
... Removed 25 stack frames]]>
    </failure>
  </testcase> <!-- @AfterTest Aftertest -->
  <testcase name="hello" time="0.008" classname="CapStone1.App"/>
</testsuite> <!-- Command line test -->
